{"timestamp": "2026-01-26T10:23:47Z", "endpoint": "/login", "status": 200, "duration_ms": 45}
{"timestamp": "2026-01-26T10:23:48Z", "endpoint": "/checkout", "status": 500, "duration_ms": 1203}
{"timestamp": "2026-01-26T10:23:49Z", "endpoint": "/profile", "status": 200, "duration_ms": 23}
{"timestamp": "2026-01-26T10:23:45Z", "endpoint": "/api/users", "status": 200, "duration_ms": 45}
{"timestamp": "2026-01-26T10:23:46Z", "endpoint": "/api/login", "status": 500, "duration_ms": 1203}
{"timestamp": "2026-01-26T10:23:47Z", "endpoint": "/api/products", "status": 200, "duration_ms": 23}
{"timestamp": "2026-01-26T10:23:48Z", "endpoint": "/api/orders", "status": 404, "duration_ms": 1203}
{"timestamp": "2026-01-26T10:23:49Z", "endpoint": "/api/slow", "status": 200, "duration_ms": 5023}
{"timestamp": "2026-01-26T10:23:50Z", "endpoint": "/api/users", "status": 200, "duration_ms": 23}
{"timestamp": "2026-01-26T10:23:51Z", "endpoint": "/api/products", "status": 200, "duration_ms": 1203}
{"timestamp": "2026-01-26T10:23:52Z", "endpoint": "/api/login", "status": 200, "duration_ms": 5023}
{"timestamp": "2026-01-26T10:23:53Z", "endpoint": "/api/checkout", "status": 500, "duration_ms": 1203}
{"timestamp": "2026-01-26T10:23:54Z", "endpoint": "/api/orders", "status": 404, "duration_ms": 1203}
{"timestamp": "2026-01-26T10:23:55Z", "endpoint": "/api/users", "status": 200, "duration_ms": 23}
{"timestamp": "2026-01-26T10:23:56Z", "endpoint": "/api/products", "status": 200, "duration_ms": 5023}
{"timestamp": "2026-01-26T10:23:57Z", "endpoint": "/api/slow", "status": 200, "duration_ms": 5023}
{"timestamp": "2026-01-26T10:23:58Z", "endpoint": "/api/products", "status": 404, "duration_ms": 1203}
{"timestamp": "2026-01-26T10:23:59Z", "endpoint": "/api/orders", "status": 200, "duration_ms": 23}
{"timestamp": "2026-01-26T10:24:00Z", "endpoint": "/api/users", "status": 200, "duration_ms": 23}
{"timestamp": "2026-01-26T10:24:01Z", "endpoint": "/api/login", "status": 200, "duration_ms": 23}
{"timestamp": "2026-01-26T10:24:02Z", "endpoint": "/api/products", "status": 200, "duration_ms": 23}
{"timestamp": "2026-01-26T10:24:03Z", "endpoint": "/api/orders", "status": 200, "duration_ms": 23}
{"timestamp": "2026-01-26T10:24:04Z", "endpoint": "/api/slow", "status": 200, "duration_ms": 23}
{"timestamp": "2026-01-26T10:24:05Z", "endpoint": "/api/users", "status": 200, "duration_ms": 23}
{"timestamp": "2026-01-26T10:24:06Z", "endpoint": "/api/products", "status": 200, "duration_ms": 23}
{"timestamp": "2026-01-26T10:24:07Z", "endpoint": "/api/orders", "status": 404, "duration_ms": 1203}
{"timestamp": "2026-01-26T10:24:08Z", "endpoint": "/api/products", "status": 200, "duration_ms": 23}
{"timestamp": "2026-01-26T10:24:09Z", "endpoint": "/api/slow", "status": 200, "duration_ms": 5023}
{"timestamp": "2026-01-26T10:24:10Z", "endpoint": "/api/users", "status": 200, "duration_ms": 23}
{"timestamp": "2026-01-26T10:24:11Z", "endpoint": "/api/products", "status": 200, "duration_ms": 23}
{"timestamp": "2026-01-26T10:24:12Z", "endpoint": "/api/orders", "status": 404, "duration_ms": 1203}
{"timestamp": "2026-01-26T10:24:13Z", "endpoint": "/api/slow", "status": 200, "duration_ms": 5023}
{"timestamp": "2026-01-26T10:24:14Z", "endpoint": "/api/products", "status": 200, "duration_ms": 23}
{"timestamp": "2026-01-26T10:24:15Z", "endpoint": "/api/users", "status": 200, "duration_ms": 23}
{"timestamp": "2026-01-26T10:24:16Z", "endpoint": "/api/orders", "status": 404, "duration_ms": 1203}
{"timestamp": "2026-01-26T10:24:17Z", "endpoint": "/api/slow", "status": 200, "duration_ms": 5023}
