2026-01-26 10:23:45 INFO GET /api/users 200 45ms
2026-01-26 10:23:46 ERROR POST /api/login 500 1203ms
2026-01-26 10:23:47 INFO GET /api/products 200 23ms
2026-01-26 10:23:48 ERROR GET /api/orders 404 12ms
2026-01-26 10:23:49 WARN GET /api/slow 200 5023ms
2026-01-26 10:23:45 INFO GET /api/users 200 45ms
2026-01-26 10:23:46 ERROR POST /api/login 500 1203ms
2026-01-26 10:23:47 INFO GET /api/products 200 23ms
2026-01-26 10:23:48 ERROR GET /api/orders 404 12ms
2026-01-26 10:23:49 WARN GET /api/slow 200 5023ms
2026-01-26 10:23:50 ERROR GET /api/users 200 45ms
2026-01-26 10:23:51 ERROR GET /api/products 200 23ms
2026-01-26 10:23:52 ERROR GET /api/login 500 1203ms
2026-01-26 10:23:53 ERROR GET /api/orders 404 12ms
2026-01-26 10:23:54 ERROR GET /api/users 200 45ms
2026-01-26 10:23:55 ERROR GET /api/products 200 23ms
2026-01-26 10:23:56 ERROR GET /api/orders 404 12ms
2026-01-26 10:23:57 ERROR GET /api/users 200 45ms
2026-01-26 10:23:58 ERROR GET /api/products 200 23ms
2026-01-26 10:23:59 ERROR GET /api/orders 404 12ms
2026-01-26 10:24:00 ERROR GET /api/users 200 45ms
2026-01-26 10:24:01 ERROR GET /api/login 500 1203ms
2026-01-26 10:24:02 ERROR GET /api/products 200 23ms
2026-01-26 10:24:03 ERROR GET /api/orders 404 12ms
2026-01-26 10:24:04 ERROR GET /api/users 200 45ms
2026-01-26 10:24:05 ERROR GET /api/products 200 23ms
2026-01-26 10:24:06 ERROR GET /api/orders 404 12ms
2026-01-26 10:24:07 ERROR GET /api/users 200 45ms
2026-01-26 10:24:08 ERROR GET /api/products 200 23ms
2026-01-26 10:24:09 ERROR GET /api/orders 404 12ms
2026-01-26 10:24:10 ERROR GET /api/users 200 45ms
2026-01-26 10:24:11 ERROR GET /api/login 500 1203ms
2026-01-26 10:24:12 ERROR GET /api/products 200 23ms
2026-01-26 10:24:13 ERROR GET /api/orders 404 12ms
2026-01-26 10:24:14 ERROR GET /api/users 200 45ms
2026-01-26 10:24:15 ERROR GET /api/products 200 23ms
2026-01-26 10:24:16 ERROR GET /api/orders 404 12ms
2026-01-26 10:24:17 ERROR GET /api/users 200 45ms
2026-01-26 10:24:18 ERROR GET /api/products 200 23ms
2026-01-26 10:24:19 ERROR GET /api/orders 404 12ms
2026-01-26 10:23:45 INFO GET /api/users 200 45ms
2026-01-26 10:23:46 ERROR POST /api/login 500 1203ms
2026-01-26 10:23:47 INFO GET /api/products 200 23ms
2026-01-26 10:23:48 ERROR GET /api/orders 404 12ms
2026-01-26 10:23:49 WARN GET /api/slow 200 5023ms
2026-01-26 10:23:50 ERROR GET /api/users 200 45ms
2026-01-26 10:23:51 ERROR GET /api/products 200 23ms
2026-01-26 10:23:52 ERROR GET /api/login 500 1203ms
2026-01-26 10:23:53 ERROR GET /api/orders 404 12ms
2026-01-26 10:23:54 ERROR GET /api/users 200 45ms
2026-01-26 10:23:55 ERROR GET /api/products 200 23ms
2026-01-26 10:23:56 ERROR GET /api/orders 404 12ms
2026-01-26 10:23:57 ERROR GET /api/users 200 45ms
2026-01-26 10:23:58 ERROR GET /api/products 200 23ms
2026-01-26 10:23:59 ERROR GET /api/orders 404 12ms
2026-01-26 10:24:00 ERROR GET /api/users 200 45ms
2026-01-26 10:24:01 ERROR GET /api/login 500 1203ms
2026-01-26 10:24:02 ERROR GET /api/products 200 23ms
2026-01-26 10:24:03 ERROR GET /api/orders 404 12ms
2026-01-26 10:24:04 ERROR GET /api/users 200 45ms
2026-01-26 10:24:05 ERROR GET /api/products 200 23ms
2026-01-26 10:24:06 ERROR GET /api/orders 404 12ms
2026-01-26 10:24:07 ERROR GET /api/users 200 45ms
2026-01-26 10:24:08 ERROR GET /api/products 200 23ms
2026-01-26 10:24:09 ERROR GET /api/orders 404 12ms
2026-01-26 10:24:10 ERROR GET /api/users 200 45ms
2026-01-26 10:24:11 ERROR GET /api/login 500 1203ms
2026-01-26 10:24:12 ERROR GET /api/products 200 23ms
2026-01-26 10:24:13 ERROR GET /api/orders 404 12ms
2026-01-26 10:24:14 ERROR GET /api/users 200 45ms
2026-01-26 10:24:15 ERROR GET /api/products 200 23ms
2026-01-26 10:24:16 ERROR GET /api/orders 404 12ms
2026-01-26 10:24:17 ERROR GET /api/users 200 45ms
2026-01-26 10:24:18 ERROR GET /api/products 200 23ms
2026-01-26 10:24:19 ERROR GET /api/orders 404 12ms
